2023-07-21T14:14:10.812+03:00  WARN 27352 --- [HikariPool-1 housekeeper] com.zaxxer.hikari.pool.HikariPool        : HikariPool-1 - Thread starvation or clock leap detected (housekeeper delta=14h4m8s748ms661µs600ns).
2023-07-21T18:20:01.066+03:00  INFO 27352 --- [SpringApplicationShutdownHook] j.LocalContainerEntityManagerFactoryBean : Closing JPA EntityManagerFactory for persistence unit 'default'
2023-07-21T18:20:01.083+03:00  INFO 27352 --- [SpringApplicationShutdownHook] com.zaxxer.hikari.HikariDataSource       : HikariPool-1 - Shutdown initiated...
2023-07-21T18:20:01.088+03:00  INFO 27352 --- [SpringApplicationShutdownHook] com.zaxxer.hikari.HikariDataSource       : HikariPool-1 - Shutdown completed.
2023-07-21T18:20:07.357+03:00  INFO 23112 --- [main] c.h.KodlamaAtolyesi1Application          : Starting KodlamaAtolyesi1Application using Java 17.0.5 with PID 23112 (D:\spring\kodlama_atolyesi_1\target\classes started by 90553 in D:\spring\kodlama_atolyesi_1)
2023-07-21T18:20:07.362+03:00  INFO 23112 --- [main] c.h.KodlamaAtolyesi1Application          : The following 1 profile is active: "frontend"
2023-07-21T18:20:08.348+03:00  INFO 23112 --- [main] .s.d.r.c.RepositoryConfigurationDelegate : Bootstrapping Spring Data JPA repositories in DEFAULT mode.
2023-07-21T18:20:08.419+03:00  INFO 23112 --- [main] .s.d.r.c.RepositoryConfigurationDelegate : Finished Spring Data repository scanning in 62 ms. Found 1 JPA repository interfaces.
2023-07-21T18:20:08.984+03:00  INFO 23112 --- [main] o.s.b.w.embedded.tomcat.TomcatWebServer  : Tomcat initialized with port(s): 4444 (http)
2023-07-21T18:20:08.996+03:00  INFO 23112 --- [main] o.apache.catalina.core.StandardService   : Starting service [Tomcat]
2023-07-21T18:20:08.996+03:00  INFO 23112 --- [main] o.apache.catalina.core.StandardEngine    : Starting Servlet engine: [Apache Tomcat/10.1.11]
2023-07-21T18:20:09.101+03:00  INFO 23112 --- [main] o.a.c.c.C.[Tomcat].[localhost].[/]       : Initializing Spring embedded WebApplicationContext
2023-07-21T18:20:09.101+03:00  INFO 23112 --- [main] w.s.c.ServletWebServerApplicationContext : Root WebApplicationContext: initialization completed in 1685 ms
2023-07-21T18:20:09.207+03:00  INFO 23112 --- [main] com.zaxxer.hikari.HikariDataSource       : HikariPool-1 - Starting...
2023-07-21T18:20:09.473+03:00  INFO 23112 --- [main] com.zaxxer.hikari.pool.HikariPool        : HikariPool-1 - Added connection conn0: url=jdbc:h2:file:./memory_persist/blog user=SA
2023-07-21T18:20:09.475+03:00  INFO 23112 --- [main] com.zaxxer.hikari.HikariDataSource       : HikariPool-1 - Start completed.
2023-07-21T18:20:09.483+03:00  INFO 23112 --- [main] o.s.b.a.h2.H2ConsoleAutoConfiguration    : H2 console available at '/h2-console'. Database available at 'jdbc:h2:file:./memory_persist/blog'
2023-07-21T18:20:09.518+03:00 DEBUG 23112 --- [main] o.s.w.f.ServerHttpObservationFilter      : Filter 'webMvcObservationFilter' configured for use
2023-07-21T18:20:09.518+03:00 DEBUG 23112 --- [main] o.s.w.s.r.ResourceUrlEncodingFilter      : Filter 'resourceUrlEncodingFilter' configured for use
2023-07-21T18:20:09.950+03:00  INFO 23112 --- [main] o.s.o.j.p.SpringPersistenceUnitInfo      : No LoadTimeWeaver setup: ignoring JPA class transformer
2023-07-21T18:20:10.939+03:00  INFO 23112 --- [main] j.LocalContainerEntityManagerFactoryBean : Initialized JPA EntityManagerFactory for persistence unit 'default'
2023-07-21T18:20:11.294+03:00  WARN 23112 --- [main] JpaBaseConfiguration$JpaWebConfiguration : spring.jpa.open-in-view is enabled by default. Therefore, database queries may be performed during view rendering. Explicitly configure spring.jpa.open-in-view to disable this warning
2023-07-21T18:20:11.411+03:00 DEBUG 23112 --- [main] s.w.s.m.m.a.RequestMappingHandlerAdapter : ControllerAdvice beans: 0 @ModelAttribute, 0 @InitBinder, 1 RequestBodyAdvice, 1 ResponseBodyAdvice
2023-07-21T18:20:11.443+03:00  INFO 23112 --- [main] o.s.b.a.w.s.WelcomePageHandlerMapping    : Adding welcome page template: index
2023-07-21T18:20:11.492+03:00 DEBUG 23112 --- [main] s.w.s.m.m.a.RequestMappingHandlerMapping : 10 mappings in 'requestMappingHandlerMapping'
2023-07-21T18:20:21.919+03:00  INFO 17356 --- [main] c.h.KodlamaAtolyesi1Application          : Starting KodlamaAtolyesi1Application using Java 17.0.5 with PID 17356 (D:\spring\kodlama_atolyesi_1\target\classes started by 90553 in D:\spring\kodlama_atolyesi_1)
2023-07-21T18:20:21.921+03:00  INFO 17356 --- [main] c.h.KodlamaAtolyesi1Application          : The following 1 profile is active: "frontend"
2023-07-21T18:20:22.665+03:00  INFO 17356 --- [main] .s.d.r.c.RepositoryConfigurationDelegate : Bootstrapping Spring Data JPA repositories in DEFAULT mode.
2023-07-21T18:20:22.710+03:00  INFO 17356 --- [main] .s.d.r.c.RepositoryConfigurationDelegate : Finished Spring Data repository scanning in 40 ms. Found 1 JPA repository interfaces.
2023-07-21T18:20:23.327+03:00  INFO 17356 --- [main] o.s.b.w.embedded.tomcat.TomcatWebServer  : Tomcat initialized with port(s): 4444 (http)
2023-07-21T18:20:23.337+03:00  INFO 17356 --- [main] o.apache.catalina.core.StandardService   : Starting service [Tomcat]
2023-07-21T18:20:23.337+03:00  INFO 17356 --- [main] o.apache.catalina.core.StandardEngine    : Starting Servlet engine: [Apache Tomcat/10.1.11]
2023-07-21T18:20:23.440+03:00  INFO 17356 --- [main] o.a.c.c.C.[Tomcat].[localhost].[/]       : Initializing Spring embedded WebApplicationContext
2023-07-21T18:20:23.442+03:00  INFO 17356 --- [main] w.s.c.ServletWebServerApplicationContext : Root WebApplicationContext: initialization completed in 1489 ms
2023-07-21T18:20:23.513+03:00  INFO 17356 --- [main] com.zaxxer.hikari.HikariDataSource       : HikariPool-1 - Starting...
2023-07-21T18:20:23.768+03:00  INFO 17356 --- [main] com.zaxxer.hikari.pool.HikariPool        : HikariPool-1 - Added connection conn0: url=jdbc:h2:file:./memory_persist/blog user=SA
2023-07-21T18:20:23.770+03:00  INFO 17356 --- [main] com.zaxxer.hikari.HikariDataSource       : HikariPool-1 - Start completed.
2023-07-21T18:20:23.778+03:00  INFO 17356 --- [main] o.s.b.a.h2.H2ConsoleAutoConfiguration    : H2 console available at '/h2-console'. Database available at 'jdbc:h2:file:./memory_persist/blog'
2023-07-21T18:20:23.820+03:00 DEBUG 17356 --- [main] o.s.w.f.ServerHttpObservationFilter      : Filter 'webMvcObservationFilter' configured for use
2023-07-21T18:20:23.821+03:00 DEBUG 17356 --- [main] o.s.w.s.r.ResourceUrlEncodingFilter      : Filter 'resourceUrlEncodingFilter' configured for use
2023-07-21T18:20:24.181+03:00  INFO 17356 --- [main] o.s.o.j.p.SpringPersistenceUnitInfo      : No LoadTimeWeaver setup: ignoring JPA class transformer
2023-07-21T18:20:24.998+03:00  INFO 17356 --- [main] j.LocalContainerEntityManagerFactoryBean : Initialized JPA EntityManagerFactory for persistence unit 'default'
2023-07-21T18:20:25.331+03:00  WARN 17356 --- [main] JpaBaseConfiguration$JpaWebConfiguration : spring.jpa.open-in-view is enabled by default. Therefore, database queries may be performed during view rendering. Explicitly configure spring.jpa.open-in-view to disable this warning
2023-07-21T18:20:25.442+03:00 DEBUG 17356 --- [main] s.w.s.m.m.a.RequestMappingHandlerAdapter : ControllerAdvice beans: 0 @ModelAttribute, 0 @InitBinder, 1 RequestBodyAdvice, 1 ResponseBodyAdvice
2023-07-21T18:20:25.475+03:00  INFO 17356 --- [main] o.s.b.a.w.s.WelcomePageHandlerMapping    : Adding welcome page template: index
2023-07-21T18:20:25.538+03:00 DEBUG 17356 --- [main] s.w.s.m.m.a.RequestMappingHandlerMapping : 10 mappings in 'requestMappingHandlerMapping'
2023-07-21T18:20:25.981+03:00 DEBUG 17356 --- [main] o.s.w.s.handler.SimpleUrlHandlerMapping  : Patterns [/webjars/**, /**, /swagger-ui*/*swagger-initializer.js, /swagger-ui*/**] in 'resourceHandlerMapping'
2023-07-21T18:20:25.992+03:00 DEBUG 17356 --- [main] .m.m.a.ExceptionHandlerExceptionResolver : ControllerAdvice beans: 1 @ExceptionHandler, 1 ResponseBodyAdvice
2023-07-21T18:20:26.450+03:00  INFO 17356 --- [main] o.s.b.w.embedded.tomcat.TomcatWebServer  : Tomcat started on port(s): 4444 (http) with context path ''
2023-07-21T18:20:26.517+03:00  INFO 17356 --- [main] o.s.b.w.embedded.tomcat.TomcatWebServer  : Tomcat initialized with port(s): 5555 (http)
2023-07-21T18:20:26.517+03:00  INFO 17356 --- [main] o.apache.catalina.core.StandardService   : Starting service [Tomcat]
2023-07-21T18:20:26.517+03:00  INFO 17356 --- [main] o.apache.catalina.core.StandardEngine    : Starting Servlet engine: [Apache Tomcat/10.1.11]
2023-07-21T18:20:26.538+03:00  INFO 17356 --- [main] o.a.c.c.C.[Tomcat-1].[localhost].[/]     : Initializing Spring embedded WebApplicationContext
2023-07-21T18:20:26.538+03:00  INFO 17356 --- [main] w.s.c.ServletWebServerApplicationContext : Root WebApplicationContext: initialization completed in 84 ms
2023-07-21T18:20:26.548+03:00  INFO 17356 --- [main] o.s.b.a.e.web.EndpointLinksResolver      : Exposing 15 endpoint(s) beneath base path '/admin'
2023-07-21T18:20:26.560+03:00 DEBUG 17356 --- [main] s.w.s.m.m.a.RequestMappingHandlerMapping : 1 mappings in 'requestMappingHandlerMapping'
2023-07-21T18:20:26.799+03:00 DEBUG 17356 --- [main] o.s.w.s.handler.SimpleUrlHandlerMapping  : Patterns [/webjars/**, /**, /swagger-ui*/*swagger-initializer.js, /swagger-ui*/**] in 'resourceHandlerMapping'
2023-07-21T18:20:26.808+03:00 DEBUG 17356 --- [main] s.w.s.m.m.a.RequestMappingHandlerAdapter : ControllerAdvice beans: 0 @ModelAttribute, 0 @InitBinder, 1 RequestBodyAdvice, 1 ResponseBodyAdvice
2023-07-21T18:20:26.816+03:00  INFO 17356 --- [main] o.s.b.w.embedded.tomcat.TomcatWebServer  : Tomcat started on port(s): 5555 (http) with context path ''
2023-07-21T18:20:26.834+03:00  INFO 17356 --- [main] c.h.KodlamaAtolyesi1Application          : Started KodlamaAtolyesi1Application in 5.289 seconds (process running for 5.851)
2023-07-21T18:20:46.161+03:00  INFO 17356 --- [http-nio-4444-exec-7] o.a.c.c.C.[Tomcat].[localhost].[/]       : Initializing Spring DispatcherServlet 'dispatcherServlet'
2023-07-21T18:20:46.161+03:00  INFO 17356 --- [http-nio-4444-exec-7] o.s.web.servlet.DispatcherServlet        : Initializing Servlet 'dispatcherServlet'
2023-07-21T18:20:46.161+03:00 DEBUG 17356 --- [http-nio-4444-exec-7] o.s.web.servlet.DispatcherServlet        : Detected StandardServletMultipartResolver
2023-07-21T18:20:46.162+03:00 DEBUG 17356 --- [http-nio-4444-exec-7] o.s.web.servlet.DispatcherServlet        : Detected AcceptHeaderLocaleResolver
2023-07-21T18:20:46.162+03:00 DEBUG 17356 --- [http-nio-4444-exec-7] o.s.web.servlet.DispatcherServlet        : Detected FixedThemeResolver
2023-07-21T18:20:46.163+03:00 DEBUG 17356 --- [http-nio-4444-exec-7] o.s.web.servlet.DispatcherServlet        : Detected org.springframework.web.servlet.view.DefaultRequestToViewNameTranslator@6cfe32cd
2023-07-21T18:20:46.164+03:00 DEBUG 17356 --- [http-nio-4444-exec-7] o.s.web.servlet.DispatcherServlet        : Detected org.springframework.web.servlet.support.SessionFlashMapManager@471d6571
2023-07-21T18:20:46.164+03:00 DEBUG 17356 --- [http-nio-4444-exec-7] o.s.web.servlet.DispatcherServlet        : enableLoggingRequestDetails='false': request parameters and headers will be masked to prevent unsafe logging of potentially sensitive data
2023-07-21T18:20:46.164+03:00  INFO 17356 --- [http-nio-4444-exec-7] o.s.web.servlet.DispatcherServlet        : Completed initialization in 3 ms
2023-07-21T18:20:46.167+03:00 DEBUG 17356 --- [http-nio-4444-exec-7] o.s.web.servlet.DispatcherServlet        : GET "/", parameters={}
2023-07-21T18:20:46.185+03:00 DEBUG 17356 --- [http-nio-4444-exec-7] o.s.w.s.v.ContentNegotiatingViewResolver : Selected 'text/html' given [text/html, application/xhtml+xml, image/avif, image/webp, image/apng, application/xml;q=0.9, */*;q=0.8, application/signed-exchange;v=b3;q=0.7]
2023-07-21T18:20:46.485+03:00 DEBUG 17356 --- [http-nio-4444-exec-7] o.s.web.servlet.DispatcherServlet        : Completed 200 OK
2023-07-21T18:20:47.756+03:00 DEBUG 17356 --- [http-nio-4444-exec-10] o.s.web.servlet.DispatcherServlet        : GET "/swagger-ui/swagger-initializer.js", parameters={}
2023-07-21T18:20:47.759+03:00 DEBUG 17356 --- [http-nio-4444-exec-10] o.s.w.s.handler.SimpleUrlHandlerMapping  : Mapped to ResourceHttpRequestHandler [classpath [META-INF/resources/webjars/]]
2023-07-21T18:20:47.819+03:00 DEBUG 17356 --- [http-nio-4444-exec-10] o.s.web.servlet.DispatcherServlet        : Completed 200 OK
2023-07-21T18:20:48.078+03:00 DEBUG 17356 --- [http-nio-4444-exec-1] o.s.web.servlet.DispatcherServlet        : GET "/v3/api-docs/swagger-config", parameters={}
2023-07-21T18:20:48.081+03:00 DEBUG 17356 --- [http-nio-4444-exec-1] s.w.s.m.m.a.RequestMappingHandlerMapping : Mapped to org.springdoc.webmvc.ui.SwaggerConfigResource#openapiJson(HttpServletRequest)
2023-07-21T18:20:48.101+03:00 DEBUG 17356 --- [http-nio-4444-exec-1] m.m.a.RequestResponseBodyMethodProcessor : Using 'application/json', given [*/*] and supported [application/json]
2023-07-21T18:20:48.105+03:00 DEBUG 17356 --- [http-nio-4444-exec-1] m.m.a.RequestResponseBodyMethodProcessor : Writing [{configUrl=/v3/api-docs/swagger-config, oauth2RedirectUrl=http://localhost:4444/swagger-ui/oauth2-re (truncated)...]
2023-07-21T18:20:48.160+03:00 DEBUG 17356 --- [http-nio-4444-exec-1] o.s.web.servlet.DispatcherServlet        : Completed 200 OK
2023-07-21T18:20:48.232+03:00 DEBUG 17356 --- [http-nio-4444-exec-9] o.s.web.servlet.DispatcherServlet        : GET "/v3/api-docs/springdocDefault", parameters={}
2023-07-21T18:20:48.232+03:00 DEBUG 17356 --- [http-nio-4444-exec-9] s.w.s.m.m.a.RequestMappingHandlerMapping : Mapped to org.springdoc.webmvc.api.MultipleOpenApiWebMvcResource#openapiJson(HttpServletRequest, String, String, Locale)
2023-07-21T18:20:48.326+03:00  WARN 17356 --- [http-nio-4444-exec-9] ocalVariableTableParameterNameDiscoverer : Using deprecated '-debug' fallback for parameter name resolution. Compile the affected code with '-parameters' instead or avoid its introspection: com.hamitmizrak.controller.api.RegisterApiImpl
2023-07-21T18:20:48.480+03:00  INFO 17356 --- [http-nio-4444-exec-9] o.springdoc.api.AbstractOpenApiResource  : Init duration for springdoc-openapi is: 230 ms
2023-07-21T18:20:48.505+03:00 DEBUG 17356 --- [http-nio-4444-exec-9] m.m.a.RequestResponseBodyMethodProcessor : Using 'application/json', given [application/json, */*] and supported [application/json]
2023-07-21T18:20:48.505+03:00 DEBUG 17356 --- [http-nio-4444-exec-9] m.m.a.RequestResponseBodyMethodProcessor : Writing ["{"openapi":"3.0.1","info":{"title":"OpenAPI definition","version":"v0"},"servers":[{"url":"http://lo (truncated)..."]
2023-07-21T18:20:48.506+03:00 DEBUG 17356 --- [http-nio-4444-exec-9] o.s.web.servlet.DispatcherServlet        : Completed 200 OK
2023-07-21T18:20:49.084+03:00 DEBUG 17356 --- [http-nio-4444-exec-2] o.s.web.servlet.DispatcherServlet        : GET "/swagger-ui/index.html", parameters={}
2023-07-21T18:20:49.084+03:00 DEBUG 17356 --- [http-nio-4444-exec-2] o.s.w.s.handler.SimpleUrlHandlerMapping  : Mapped to ResourceHttpRequestHandler [classpath [META-INF/resources/webjars/]]
2023-07-21T18:20:49.087+03:00 DEBUG 17356 --- [http-nio-4444-exec-2] o.s.web.servlet.DispatcherServlet        : Completed 304 NOT_MODIFIED
2023-07-21T18:20:49.107+03:00 DEBUG 17356 --- [http-nio-4444-exec-3] o.s.web.servlet.DispatcherServlet        : GET "/swagger-ui/swagger-initializer.js", parameters={}
2023-07-21T18:20:49.108+03:00 DEBUG 17356 --- [http-nio-4444-exec-3] o.s.w.s.handler.SimpleUrlHandlerMapping  : Mapped to ResourceHttpRequestHandler [classpath [META-INF/resources/webjars/]]
2023-07-21T18:20:49.110+03:00 DEBUG 17356 --- [http-nio-4444-exec-3] o.s.web.servlet.DispatcherServlet        : Completed 200 OK
2023-07-21T18:20:49.169+03:00 DEBUG 17356 --- [http-nio-4444-exec-5] o.s.web.servlet.DispatcherServlet        : GET "/v3/api-docs/swagger-config", parameters={}
2023-07-21T18:20:49.170+03:00 DEBUG 17356 --- [http-nio-4444-exec-5] s.w.s.m.m.a.RequestMappingHandlerMapping : Mapped to org.springdoc.webmvc.ui.SwaggerConfigResource#openapiJson(HttpServletRequest)
2023-07-21T18:20:49.171+03:00 DEBUG 17356 --- [http-nio-4444-exec-5] m.m.a.RequestResponseBodyMethodProcessor : Using 'application/json', given [*/*] and supported [application/json]
2023-07-21T18:20:49.171+03:00 DEBUG 17356 --- [http-nio-4444-exec-5] m.m.a.RequestResponseBodyMethodProcessor : Writing [{configUrl=/v3/api-docs/swagger-config, oauth2RedirectUrl=http://localhost:4444/swagger-ui/oauth2-re (truncated)...]
2023-07-21T18:20:49.171+03:00 DEBUG 17356 --- [http-nio-4444-exec-5] o.s.web.servlet.DispatcherServlet        : Completed 200 OK
2023-07-21T18:20:49.239+03:00 DEBUG 17356 --- [http-nio-4444-exec-4] o.s.web.servlet.DispatcherServlet        : GET "/v3/api-docs/springdocDefault", parameters={}
2023-07-21T18:20:49.239+03:00 DEBUG 17356 --- [http-nio-4444-exec-4] s.w.s.m.m.a.RequestMappingHandlerMapping : Mapped to org.springdoc.webmvc.api.MultipleOpenApiWebMvcResource#openapiJson(HttpServletRequest, String, String, Locale)
2023-07-21T18:20:49.241+03:00 DEBUG 17356 --- [http-nio-4444-exec-4] m.m.a.RequestResponseBodyMethodProcessor : Using 'application/json', given [application/json, */*] and supported [application/json]
2023-07-21T18:20:49.242+03:00 DEBUG 17356 --- [http-nio-4444-exec-4] m.m.a.RequestResponseBodyMethodProcessor : Writing ["{"openapi":"3.0.1","info":{"title":"OpenAPI definition","version":"v0"},"servers":[{"url":"http://lo (truncated)..."]
2023-07-21T18:20:49.244+03:00 DEBUG 17356 --- [http-nio-4444-exec-4] o.s.web.servlet.DispatcherServlet        : Completed 200 OK
2023-07-21T18:21:36.908+03:00 DEBUG 17356 --- [http-nio-4444-exec-8] o.s.web.servlet.DispatcherServlet        : POST "/register/v1/api/create", parameters={}
2023-07-21T18:21:36.909+03:00 DEBUG 17356 --- [http-nio-4444-exec-8] s.w.s.m.m.a.RequestMappingHandlerMapping : Mapped to com.hamitmizrak.controller.api.RegisterApiImpl#registerCreate(RegisterDto)
2023-07-21T18:21:36.922+03:00 DEBUG 17356 --- [http-nio-4444-exec-8] o.s.web.method.HandlerMethod             : Could not resolve parameter [0] in public org.springframework.http.ResponseEntity<com.hamitmizrak.business.dto.RegisterDto> com.hamitmizrak.controller.api.RegisterApiImpl.registerCreate(com.hamitmizrak.business.dto.RegisterDto): JSON parse error: Unexpected character ('}' (code 125)): was expecting double-quote to start field name
2023-07-21T18:21:36.925+03:00  WARN 17356 --- [http-nio-4444-exec-8] .w.s.m.s.DefaultHandlerExceptionResolver : Resolved [org.springframework.http.converter.HttpMessageNotReadableException: JSON parse error: Unexpected character ('}' (code 125)): was expecting double-quote to start field name]
2023-07-21T18:21:36.926+03:00 DEBUG 17356 --- [http-nio-4444-exec-8] o.s.web.servlet.DispatcherServlet        : Completed 400 BAD_REQUEST
2023-07-21T18:21:36.932+03:00 DEBUG 17356 --- [http-nio-4444-exec-8] o.s.web.servlet.DispatcherServlet        : "ERROR" dispatch for POST "/error", parameters={}
2023-07-21T18:21:36.933+03:00 DEBUG 17356 --- [http-nio-4444-exec-8] s.w.s.m.m.a.RequestMappingHandlerMapping : Mapped to org.springframework.boot.autoconfigure.web.servlet.error.BasicErrorController#error(HttpServletRequest)
2023-07-21T18:21:36.937+03:00 DEBUG 17356 --- [http-nio-4444-exec-8] o.s.w.s.m.m.a.HttpEntityMethodProcessor  : Using 'application/json', given [*/*] and supported [application/json, application/*+json]
2023-07-21T18:21:36.937+03:00 DEBUG 17356 --- [http-nio-4444-exec-8] o.s.w.s.m.m.a.HttpEntityMethodProcessor  : Writing [{timestamp=Fri Jul 21 20:51:36 IST 2023, status=400, error=Bad Request, path=/register/v1/api/create (truncated)...]
2023-07-21T18:21:36.943+03:00 DEBUG 17356 --- [http-nio-4444-exec-8] o.s.web.servlet.DispatcherServlet        : Exiting from "ERROR" dispatch, status 400
2023-07-21T18:21:58.729+03:00 DEBUG 17356 --- [http-nio-4444-exec-2] o.s.web.servlet.DispatcherServlet        : POST "/register/v1/api/create", parameters={}
2023-07-21T18:21:58.730+03:00 DEBUG 17356 --- [http-nio-4444-exec-2] s.w.s.m.m.a.RequestMappingHandlerMapping : Mapped to com.hamitmizrak.controller.api.RegisterApiImpl#registerCreate(RegisterDto)
2023-07-21T18:21:58.732+03:00 DEBUG 17356 --- [http-nio-4444-exec-2] m.m.a.RequestResponseBodyMethodProcessor : Read "application/json;charset=UTF-8" to [RegisterDto(id=null, username=Hamit Mızrak, emailAddress=hamitmizrak@gmail.com, password=Hm123456@., (truncated)...]
2023-07-21T18:21:58.824+03:00 DEBUG 17356 --- [http-nio-4444-exec-2] o.s.w.s.m.m.a.HttpEntityMethodProcessor  : Using 'application/json', given [*/*] and supported [application/json, application/*+json]
2023-07-21T18:21:58.825+03:00 DEBUG 17356 --- [http-nio-4444-exec-2] o.s.w.s.m.m.a.HttpEntityMethodProcessor  : Writing [RegisterDto(id=null, username=Hamit Mızrak, emailAddress=hamitmizrak@gmail.com, password=Hm123456@., (truncated)...]
2023-07-21T18:21:58.826+03:00 DEBUG 17356 --- [http-nio-4444-exec-2] o.s.web.servlet.DispatcherServlet        : Completed 200 OK
2023-07-21T18:22:15.491+03:00 DEBUG 17356 --- [http-nio-4444-exec-3] o.s.web.servlet.DispatcherServlet        : GET "/register/v1/api/list", parameters={}
2023-07-21T18:22:15.491+03:00 DEBUG 17356 --- [http-nio-4444-exec-3] s.w.s.m.m.a.RequestMappingHandlerMapping : Mapped to com.hamitmizrak.controller.api.RegisterApiImpl#registerList()
2023-07-21T18:22:15.625+03:00 DEBUG 17356 --- [http-nio-4444-exec-3] o.s.w.s.m.m.a.HttpEntityMethodProcessor  : Using 'application/json', given [*/*] and supported [application/json, application/*+json]
2023-07-21T18:22:15.625+03:00 DEBUG 17356 --- [http-nio-4444-exec-3] o.s.w.s.m.m.a.HttpEntityMethodProcessor  : Writing [[RegisterDto(id=null, username=null, emailAddress=null, password=null, createdDate=Fri Jul 21 20:52: (truncated)...]
2023-07-21T18:22:15.626+03:00 DEBUG 17356 --- [http-nio-4444-exec-3] o.s.web.servlet.DispatcherServlet        : Completed 200 OK
2023-07-21T18:22:49.447+03:00  INFO 17356 --- [SpringApplicationShutdownHook] j.LocalContainerEntityManagerFactoryBean : Closing JPA EntityManagerFactory for persistence unit 'default'
2023-07-21T18:22:49.451+03:00  INFO 17356 --- [SpringApplicationShutdownHook] com.zaxxer.hikari.HikariDataSource       : HikariPool-1 - Shutdown initiated...
2023-07-21T18:22:49.453+03:00  INFO 17356 --- [SpringApplicationShutdownHook] com.zaxxer.hikari.HikariDataSource       : HikariPool-1 - Shutdown completed.
2023-07-21T18:22:56.431+03:00  INFO 32088 --- [main] c.h.KodlamaAtolyesi1Application          : Starting KodlamaAtolyesi1Application using Java 17.0.5 with PID 32088 (D:\spring\kodlama_atolyesi_1\target\classes started by 90553 in D:\spring\kodlama_atolyesi_1)
2023-07-21T18:22:56.432+03:00  INFO 32088 --- [main] c.h.KodlamaAtolyesi1Application          : The following 1 profile is active: "frontend"
2023-07-21T18:22:57.184+03:00  INFO 32088 --- [main] .s.d.r.c.RepositoryConfigurationDelegate : Bootstrapping Spring Data JPA repositories in DEFAULT mode.
2023-07-21T18:22:57.224+03:00  INFO 32088 --- [main] .s.d.r.c.RepositoryConfigurationDelegate : Finished Spring Data repository scanning in 34 ms. Found 1 JPA repository interfaces.
2023-07-21T18:22:57.621+03:00  INFO 32088 --- [main] o.s.b.w.embedded.tomcat.TomcatWebServer  : Tomcat initialized with port(s): 4444 (http)
2023-07-21T18:22:57.627+03:00  INFO 32088 --- [main] o.apache.catalina.core.StandardService   : Starting service [Tomcat]
2023-07-21T18:22:57.627+03:00  INFO 32088 --- [main] o.apache.catalina.core.StandardEngine    : Starting Servlet engine: [Apache Tomcat/10.1.11]
2023-07-21T18:22:57.709+03:00  INFO 32088 --- [main] o.a.c.c.C.[Tomcat].[localhost].[/]       : Initializing Spring embedded WebApplicationContext
2023-07-21T18:22:57.710+03:00  INFO 32088 --- [main] w.s.c.ServletWebServerApplicationContext : Root WebApplicationContext: initialization completed in 1248 ms
2023-07-21T18:22:57.780+03:00  INFO 32088 --- [main] com.zaxxer.hikari.HikariDataSource       : HikariPool-1 - Starting...
2023-07-21T18:22:57.985+03:00  INFO 32088 --- [main] com.zaxxer.hikari.pool.HikariPool        : HikariPool-1 - Added connection conn0: url=jdbc:h2:file:./memory_persist/blog user=SA
2023-07-21T18:22:57.987+03:00  INFO 32088 --- [main] com.zaxxer.hikari.HikariDataSource       : HikariPool-1 - Start completed.
2023-07-21T18:22:57.995+03:00  INFO 32088 --- [main] o.s.b.a.h2.H2ConsoleAutoConfiguration    : H2 console available at '/h2-console'. Database available at 'jdbc:h2:file:./memory_persist/blog'
2023-07-21T18:22:58.022+03:00 DEBUG 32088 --- [main] o.s.w.f.ServerHttpObservationFilter      : Filter 'webMvcObservationFilter' configured for use
2023-07-21T18:22:58.023+03:00 DEBUG 32088 --- [main] o.s.w.s.r.ResourceUrlEncodingFilter      : Filter 'resourceUrlEncodingFilter' configured for use
2023-07-21T18:22:58.317+03:00  INFO 32088 --- [main] o.s.o.j.p.SpringPersistenceUnitInfo      : No LoadTimeWeaver setup: ignoring JPA class transformer
2023-07-21T18:22:59.023+03:00  INFO 32088 --- [main] j.LocalContainerEntityManagerFactoryBean : Initialized JPA EntityManagerFactory for persistence unit 'default'
2023-07-21T18:22:59.354+03:00  WARN 32088 --- [main] JpaBaseConfiguration$JpaWebConfiguration : spring.jpa.open-in-view is enabled by default. Therefore, database queries may be performed during view rendering. Explicitly configure spring.jpa.open-in-view to disable this warning
2023-07-21T18:22:59.442+03:00 DEBUG 32088 --- [main] s.w.s.m.m.a.RequestMappingHandlerAdapter : ControllerAdvice beans: 0 @ModelAttribute, 0 @InitBinder, 1 RequestBodyAdvice, 1 ResponseBodyAdvice
2023-07-21T18:22:59.475+03:00  INFO 32088 --- [main] o.s.b.a.w.s.WelcomePageHandlerMapping    : Adding welcome page template: index
2023-07-21T18:22:59.543+03:00 DEBUG 32088 --- [main] s.w.s.m.m.a.RequestMappingHandlerMapping : 10 mappings in 'requestMappingHandlerMapping'
2023-07-21T18:22:59.918+03:00 DEBUG 32088 --- [main] o.s.w.s.handler.SimpleUrlHandlerMapping  : Patterns [/webjars/**, /**, /swagger-ui*/*swagger-initializer.js, /swagger-ui*/**] in 'resourceHandlerMapping'
2023-07-21T18:22:59.929+03:00 DEBUG 32088 --- [main] .m.m.a.ExceptionHandlerExceptionResolver : ControllerAdvice beans: 1 @ExceptionHandler, 1 ResponseBodyAdvice
2023-07-21T18:23:00.369+03:00  INFO 32088 --- [main] o.s.b.w.embedded.tomcat.TomcatWebServer  : Tomcat started on port(s): 4444 (http) with context path ''
2023-07-21T18:23:00.415+03:00  INFO 32088 --- [main] o.s.b.w.embedded.tomcat.TomcatWebServer  : Tomcat initialized with port(s): 5555 (http)
2023-07-21T18:23:00.416+03:00  INFO 32088 --- [main] o.apache.catalina.core.StandardService   : Starting service [Tomcat]
2023-07-21T18:23:00.416+03:00  INFO 32088 --- [main] o.apache.catalina.core.StandardEngine    : Starting Servlet engine: [Apache Tomcat/10.1.11]
2023-07-21T18:23:00.438+03:00  INFO 32088 --- [main] o.a.c.c.C.[Tomcat-1].[localhost].[/]     : Initializing Spring embedded WebApplicationContext
2023-07-21T18:23:00.438+03:00  INFO 32088 --- [main] w.s.c.ServletWebServerApplicationContext : Root WebApplicationContext: initialization completed in 66 ms
2023-07-21T18:23:00.446+03:00  INFO 32088 --- [main] o.s.b.a.e.web.EndpointLinksResolver      : Exposing 15 endpoint(s) beneath base path '/admin'
2023-07-21T18:23:00.466+03:00 DEBUG 32088 --- [main] s.w.s.m.m.a.RequestMappingHandlerMapping : 1 mappings in 'requestMappingHandlerMapping'
2023-07-21T18:23:00.696+03:00 DEBUG 32088 --- [main] o.s.w.s.handler.SimpleUrlHandlerMapping  : Patterns [/webjars/**, /**, /swagger-ui*/*swagger-initializer.js, /swagger-ui*/**] in 'resourceHandlerMapping'
2023-07-21T18:23:00.705+03:00 DEBUG 32088 --- [main] s.w.s.m.m.a.RequestMappingHandlerAdapter : ControllerAdvice beans: 0 @ModelAttribute, 0 @InitBinder, 1 RequestBodyAdvice, 1 ResponseBodyAdvice
2023-07-21T18:23:00.710+03:00  INFO 32088 --- [main] o.s.b.w.embedded.tomcat.TomcatWebServer  : Tomcat started on port(s): 5555 (http) with context path ''
2023-07-21T18:23:00.724+03:00  INFO 32088 --- [main] c.h.KodlamaAtolyesi1Application          : Started KodlamaAtolyesi1Application in 4.675 seconds (process running for 5.271)
2023-07-21T18:23:16.877+03:00  INFO 32088 --- [http-nio-4444-exec-1] o.a.c.c.C.[Tomcat].[localhost].[/]       : Initializing Spring DispatcherServlet 'dispatcherServlet'
2023-07-21T18:23:16.878+03:00  INFO 32088 --- [http-nio-4444-exec-1] o.s.web.servlet.DispatcherServlet        : Initializing Servlet 'dispatcherServlet'
2023-07-21T18:23:16.878+03:00 DEBUG 32088 --- [http-nio-4444-exec-1] o.s.web.servlet.DispatcherServlet        : Detected StandardServletMultipartResolver
2023-07-21T18:23:16.878+03:00 DEBUG 32088 --- [http-nio-4444-exec-1] o.s.web.servlet.DispatcherServlet        : Detected AcceptHeaderLocaleResolver
2023-07-21T18:23:16.878+03:00 DEBUG 32088 --- [http-nio-4444-exec-1] o.s.web.servlet.DispatcherServlet        : Detected FixedThemeResolver
2023-07-21T18:23:16.879+03:00 DEBUG 32088 --- [http-nio-4444-exec-1] o.s.web.servlet.DispatcherServlet        : Detected org.springframework.web.servlet.view.DefaultRequestToViewNameTranslator@79aa675b
2023-07-21T18:23:16.880+03:00 DEBUG 32088 --- [http-nio-4444-exec-1] o.s.web.servlet.DispatcherServlet        : Detected org.springframework.web.servlet.support.SessionFlashMapManager@2284058a
2023-07-21T18:23:16.880+03:00 DEBUG 32088 --- [http-nio-4444-exec-1] o.s.web.servlet.DispatcherServlet        : enableLoggingRequestDetails='false': request parameters and headers will be masked to prevent unsafe logging of potentially sensitive data
2023-07-21T18:23:16.880+03:00  INFO 32088 --- [http-nio-4444-exec-1] o.s.web.servlet.DispatcherServlet        : Completed initialization in 2 ms
2023-07-21T18:23:16.902+03:00 DEBUG 32088 --- [http-nio-4444-exec-1] o.s.web.servlet.DispatcherServlet        : POST "/register/v1/api/create", parameters={}
2023-07-21T18:23:16.908+03:00 DEBUG 32088 --- [http-nio-4444-exec-1] s.w.s.m.m.a.RequestMappingHandlerMapping : Mapped to com.hamitmizrak.controller.api.RegisterApiImpl#registerCreate(RegisterDto)
2023-07-21T18:23:16.991+03:00 DEBUG 32088 --- [http-nio-4444-exec-1] m.m.a.RequestResponseBodyMethodProcessor : Read "application/json;charset=UTF-8" to [RegisterDto(id=null, username=Hamit Mızrak, emailAddress=hamitmizrak@gmail.com, password=Hm123456@., (truncated)...]
2023-07-21T18:23:17.090+03:00 DEBUG 32088 --- [http-nio-4444-exec-1] o.s.w.s.m.m.a.HttpEntityMethodProcessor  : Using 'application/json', given [*/*] and supported [application/json, application/*+json]
2023-07-21T18:23:17.094+03:00 DEBUG 32088 --- [http-nio-4444-exec-1] o.s.w.s.m.m.a.HttpEntityMethodProcessor  : Writing [RegisterDto(id=null, username=Hamit Mızrak, emailAddress=hamitmizrak@gmail.com, password=Hm123456@., (truncated)...]
2023-07-21T18:23:17.112+03:00 DEBUG 32088 --- [http-nio-4444-exec-1] o.s.web.servlet.DispatcherServlet        : Completed 200 OK
2023-07-21T18:23:40.501+03:00 DEBUG 32088 --- [http-nio-4444-exec-5] o.s.web.servlet.DispatcherServlet        : GET "/register/v1/api/list", parameters={}
2023-07-21T18:23:40.502+03:00 DEBUG 32088 --- [http-nio-4444-exec-5] s.w.s.m.m.a.RequestMappingHandlerMapping : Mapped to com.hamitmizrak.controller.api.RegisterApiImpl#registerList()
2023-07-21T18:23:40.613+03:00 DEBUG 32088 --- [http-nio-4444-exec-5] o.s.w.s.m.m.a.HttpEntityMethodProcessor  : Using 'application/json', given [*/*] and supported [application/json, application/*+json]
2023-07-21T18:23:40.614+03:00 DEBUG 32088 --- [http-nio-4444-exec-5] o.s.w.s.m.m.a.HttpEntityMethodProcessor  : Writing [[RegisterDto(id=null, username=null, emailAddress=null, password=null, createdDate=Fri Jul 21 20:53: (truncated)...]
2023-07-21T18:23:40.616+03:00 DEBUG 32088 --- [http-nio-4444-exec-5] o.s.web.servlet.DispatcherServlet        : Completed 200 OK
2023-07-21T18:27:10.295+03:00  INFO 32088 --- [SpringApplicationShutdownHook] j.LocalContainerEntityManagerFactoryBean : Closing JPA EntityManagerFactory for persistence unit 'default'
2023-07-21T18:27:10.297+03:00  INFO 32088 --- [SpringApplicationShutdownHook] com.zaxxer.hikari.HikariDataSource       : HikariPool-1 - Shutdown initiated...
2023-07-21T18:27:10.298+03:00  INFO 32088 --- [SpringApplicationShutdownHook] com.zaxxer.hikari.HikariDataSource       : HikariPool-1 - Shutdown completed.
2023-07-21T18:27:16.398+03:00  INFO 18912 --- [main] c.h.KodlamaAtolyesi1Application          : Starting KodlamaAtolyesi1Application using Java 17.0.5 with PID 18912 (D:\spring\kodlama_atolyesi_1\target\classes started by 90553 in D:\spring\kodlama_atolyesi_1)
2023-07-21T18:27:16.400+03:00  INFO 18912 --- [main] c.h.KodlamaAtolyesi1Application          : The following 1 profile is active: "frontend"
2023-07-21T18:27:17.211+03:00  INFO 18912 --- [main] .s.d.r.c.RepositoryConfigurationDelegate : Bootstrapping Spring Data JPA repositories in DEFAULT mode.
2023-07-21T18:27:17.259+03:00  INFO 18912 --- [main] .s.d.r.c.RepositoryConfigurationDelegate : Finished Spring Data repository scanning in 40 ms. Found 1 JPA repository interfaces.
2023-07-21T18:27:17.762+03:00  INFO 18912 --- [main] o.s.b.w.embedded.tomcat.TomcatWebServer  : Tomcat initialized with port(s): 4444 (http)
2023-07-21T18:27:17.850+03:00  INFO 18912 --- [main] w.s.c.ServletWebServerApplicationContext : Root WebApplicationContext: initialization completed in 1392 ms
2023-07-21T18:27:17.932+03:00  INFO 18912 --- [main] com.zaxxer.hikari.HikariDataSource       : HikariPool-1 - Starting...
2023-07-21T18:27:18.164+03:00  INFO 18912 --- [main] com.zaxxer.hikari.pool.HikariPool        : HikariPool-1 - Added connection conn0: url=jdbc:h2:file:./memory_persist/blog user=SA
2023-07-21T18:27:18.165+03:00  INFO 18912 --- [main] com.zaxxer.hikari.HikariDataSource       : HikariPool-1 - Start completed.
2023-07-21T18:27:18.174+03:00  INFO 18912 --- [main] o.s.b.a.h2.H2ConsoleAutoConfiguration    : H2 console available at '/h2-console'. Database available at 'jdbc:h2:file:./memory_persist/blog'
2023-07-21T18:27:18.202+03:00 DEBUG 18912 --- [main] o.s.w.f.ServerHttpObservationFilter      : Filter 'webMvcObservationFilter' configured for use
2023-07-21T18:27:18.202+03:00 DEBUG 18912 --- [main] o.s.w.s.r.ResourceUrlEncodingFilter      : Filter 'resourceUrlEncodingFilter' configured for use
2023-07-21T18:27:18.516+03:00  INFO 18912 --- [main] o.s.o.j.p.SpringPersistenceUnitInfo      : No LoadTimeWeaver setup: ignoring JPA class transformer
